<?xml version="1.0" encoding="UTF-8"?>
<!-- Generated by org.testng.reporters.JUnitReportReporter -->
<testsuite skipped="0" hostname="DESKTOP-UBQJ9QQ" name="com.Sample.Demo" tests="1" failures="0" timestamp="28 May 2020 07:06:38 GMT" time="5.707" errors="0">
  <testcase name="testDemo" time="5.707" classname="com.Sample.Demo"/>
</testsuite> <!-- com.Sample.Demo -->
