<?xml version="1.0" encoding="UTF-8"?>
<!-- Generated by org.testng.reporters.JUnitReportReporter -->
<testsuite skipped="0" hostname="DESKTOP-UBQJ9QQ" name="com.Sample.CompanyName.ProjectName.testScripts.LoginPage.LoginTest" tests="1" failures="0" timestamp="20 Jun 2020 06:16:16 GMT" time="21.339" errors="0">
  <testcase name="testLoginToApplication" time="21.339" classname="com.Sample.CompanyName.ProjectName.testScripts.LoginPage.LoginTest"/>
</testsuite> <!-- com.Sample.CompanyName.ProjectName.testScripts.LoginPage.LoginTest -->
