<?xml version="1.0" encoding="UTF-8"?>
<!-- Generated by org.testng.reporters.JUnitReportReporter -->
<testsuite skipped="0" hostname="DESKTOP-UBQJ9QQ" name="com.Sample.CompanyName.ProjectName.testScripts.Demo" tests="1" failures="0" timestamp="10 Jun 2020 14:51:22 GMT" time="34.678" errors="0">
  <testcase name="testWindow" time="34.678" classname="com.Sample.CompanyName.ProjectName.testScripts.Demo"/>
</testsuite> <!-- com.Sample.CompanyName.ProjectName.testScripts.Demo -->
