<?xml version="1.0" encoding="UTF-8"?>
<!-- Generated by org.testng.reporters.JUnitReportReporter -->
<testsuite skipped="0" hostname="DESKTOP-UBQJ9QQ" name="com.Sample.CompanyName.ProjectName.testScripts.TestScreenShot" tests="1" failures="0" timestamp="17 Jun 2020 13:58:31 GMT" time="5.711" errors="0">
  <testcase name="testScreen" time="5.711" classname="com.Sample.CompanyName.ProjectName.testScripts.TestScreenShot"/>
</testsuite> <!-- com.Sample.CompanyName.ProjectName.testScripts.TestScreenShot -->
