<?xml version="1.0" encoding="UTF-8"?>
<!-- Generated by org.testng.reporters.JUnitReportReporter -->
<testsuite skipped="1" hostname="DESKTOP-UBQJ9QQ" name="com.Sample.CompanyName.ProjectName.testScripts.LoginPage.LoginTestWithDataDrivenApproach" tests="3" failures="0" timestamp="19 Jun 2020 15:13:18 GMT" time="24.069" errors="0">
  <testcase name="loginTest" time="0.523" classname="com.Sample.CompanyName.ProjectName.testScripts.LoginPage.LoginTestWithDataDrivenApproach">
    <skipped/>
  </testcase> <!-- loginTest -->
  <testcase name="loginTest" time="10.160" classname="com.Sample.CompanyName.ProjectName.testScripts.LoginPage.LoginTestWithDataDrivenApproach"/>
  <testcase name="loginTest" time="13.386" classname="com.Sample.CompanyName.ProjectName.testScripts.LoginPage.LoginTestWithDataDrivenApproach"/>
</testsuite> <!-- com.Sample.CompanyName.ProjectName.testScripts.LoginPage.LoginTestWithDataDrivenApproach -->
