<?xml version="1.0" encoding="UTF-8"?>
<!-- Generated by org.testng.reporters.JUnitReportReporter -->
<testsuite skipped="0" hostname="DESKTOP-UBQJ9QQ" name="com.Sample.CompanyName.ProjectName.testScripts.LoginPage.LoginTest" tests="1" failures="0" timestamp="19 Jun 2020 14:41:23 GMT" time="18.945" errors="0">
  <testcase name="testLoginToApplication" time="18.945" classname="com.Sample.CompanyName.ProjectName.testScripts.LoginPage.LoginTest"/>
</testsuite> <!-- com.Sample.CompanyName.ProjectName.testScripts.LoginPage.LoginTest -->
