<?xml version="1.0" encoding="UTF-8"?>
<!-- Generated by org.testng.reporters.JUnitReportReporter -->
<testsuite skipped="0" hostname="DESKTOP-UBQJ9QQ" name="com.Sample.A" tests="1" failures="0" timestamp="17 Jun 2020 13:58:31 GMT" time="0.564" errors="0">
  <testcase name="testLoginA" time="0.564" classname="com.Sample.A"/>
</testsuite> <!-- com.Sample.A -->
