<?xml version="1.0" encoding="UTF-8"?>
<!-- Generated by org.testng.reporters.JUnitReportReporter -->
<testsuite skipped="0" hostname="DESKTOP-UBQJ9QQ" name="com.Sample.CompanyName.ProjectName.testScripts.registration.RegistrationTest" tests="1" failures="0" timestamp="17 Jun 2020 14:33:42 GMT" time="25.178" errors="0">
  <testcase name="testLoginToApplication" time="25.178" classname="com.Sample.CompanyName.ProjectName.testScripts.registration.RegistrationTest"/>
</testsuite> <!-- com.Sample.CompanyName.ProjectName.testScripts.registration.RegistrationTest -->
